app/build/outputs/logs/manifest-merger-debug-report.txt
-- Merging decision tree log ---
manifest
ADDED from src/main/AndroidManifest.xml:2:1-22:12
	package
		ADDED from src/main/AndroidManifest.xml:3:5-56
		INJECTED from src/main/AndroidManifest.xml
		INJECTED from src/main/AndroidManifest.xml
	android:versionName
		INJECTED from src/main/AndroidManifest.xml
		INJECTED from src/main/AndroidManifest.xml
	xmlns:android
		ADDED from src/main/AndroidManifest.xml:2:11-69
	android:versionCode
		INJECTED from src/main/AndroidManifest.xml
		INJECTED from src/main/AndroidManifest.xml
uses-permission#android.permission.INTERNET
ADDED from src/main/AndroidManifest.xml:5:5-66
	android:name
		ADDED from src/main/AndroidManifest.xml:5:22-64
application
ADDED from src/main/AndroidManifest.xml:7:5-20:19
MERGED from [com.evernote:android-job:1.1.3] AndroidManifest.xml:16:5-52:19
MERGED from [com.android.support:design:25.0.1] AndroidManifest.xml:25:5-20
MERGED from [com.android.support:support-v4:25.0.1] AndroidManifest.xml:25:5-20
MERGED from [com.android.support:support-compat:25.0.1] AndroidManifest.xml:25:5-20
MERGED from [com.android.support:support-media-compat:25.0.1] AndroidManifest.xml:25:5-20
MERGED from [com.android.support:support-core-utils:25.0.1] AndroidManifest.xml:25:5-20
MERGED from [com.android.support:support-core-ui:25.0.1] AndroidManifest.xml:25:5-20
MERGED from [com.android.support:support-fragment:25.0.1] AndroidManifest.xml:25:5-20
MERGED from [com.android.support:appcompat-v7:25.0.1] AndroidManifest.xml:25:5-20
MERGED from [com.android.support:support-vector-drawable:25.0.1] AndroidManifest.xml:23:5-20
MERGED from [com.android.support:animated-vector-drawable:25.0.1] AndroidManifest.xml:22:5-20
MERGED from [com.android.support:transition:25.0.1] AndroidManifest.xml:22:5-20
	android:label
		ADDED from src/main/AndroidManifest.xml:10:9-41
	android:supportsRtl
		ADDED from src/main/AndroidManifest.xml:11:9-35
	tools:ignore
		ADDED from [com.evernote:android-job:1.1.3] AndroidManifest.xml:16:18-44
	android:allowBackup
		ADDED from src/main/AndroidManifest.xml:8:9-35
	android:icon
		ADDED from src/main/AndroidManifest.xml:9:9-43
	android:theme
		ADDED from src/main/AndroidManifest.xml:12:9-40
activity#com.example.maximkholmansky.currencyrates.MainActivity
ADDED from src/main/AndroidManifest.xml:13:9-19:20
	android:name
		ADDED from src/main/AndroidManifest.xml:13:19-47
intent-filter#android.intent.action.MAIN+android.intent.category.LAUNCHER
ADDED from src/main/AndroidManifest.xml:14:13-18:29
action#android.intent.action.MAIN
ADDED from src/main/AndroidManifest.xml:15:17-69
	android:name
		ADDED from src/main/AndroidManifest.xml:15:25-66
category#android.intent.category.LAUNCHER
ADDED from src/main/AndroidManifest.xml:17:17-77
	android:name
		ADDED from src/main/AndroidManifest.xml:17:27-74
uses-sdk
INJECTED from src/main/AndroidManifest.xml reason: use-sdk injection requested
MERGED from [com.evernote:android-job:1.1.3] AndroidManifest.xml:8:5-10:41
MERGED from [net.vrallev.android:cat:1.0.5] AndroidManifest.xml:7:5-9:41
MERGED from [com.android.support:design:25.0.1] AndroidManifest.xml:21:5-23:62
MERGED from [com.android.support:support-v4:25.0.1] AndroidManifest.xml:21:5-23:54
MERGED from [com.android.support:support-compat:25.0.1] AndroidManifest.xml:21:5-23:58
MERGED from [com.android.support:support-media-compat:25.0.1] AndroidManifest.xml:21:5-23:63
MERGED from [com.android.support:support-core-utils:25.0.1] AndroidManifest.xml:21:5-23:61
MERGED from [com.android.support:support-core-ui:25.0.1] AndroidManifest.xml:21:5-23:58
MERGED from [com.android.support:support-fragment:25.0.1] AndroidManifest.xml:21:5-23:60
MERGED from [com.android.support:appcompat-v7:25.0.1] AndroidManifest.xml:21:5-23:78
MERGED from [com.android.support:support-vector-drawable:25.0.1] AndroidManifest.xml:21:5-43
MERGED from [com.android.support:animated-vector-drawable:25.0.1] AndroidManifest.xml:20:5-44
MERGED from [com.android.support:recyclerview-v7:25.0.1] AndroidManifest.xml:20:5-43
MERGED from [com.android.support:transition:25.0.1] AndroidManifest.xml:20:5-44
	tools:overrideLibrary
		ADDED from [com.android.support:design:25.0.1] AndroidManifest.xml:23:9-59
	android:targetSdkVersion
		INJECTED from src/main/AndroidManifest.xml
		INJECTED from src/main/AndroidManifest.xml
	android:minSdkVersion
		INJECTED from src/main/AndroidManifest.xml
		INJECTED from src/main/AndroidManifest.xml
uses-permission#android.permission.WAKE_LOCK
ADDED from [com.evernote:android-job:1.1.3] AndroidManifest.xml:12:5-68
	android:name
		ADDED from [com.evernote:android-job:1.1.3] AndroidManifest.xml:12:22-65
uses-permission#android.permission.ACCESS_NETWORK_STATE
ADDED from [com.evernote:android-job:1.1.3] AndroidManifest.xml:13:5-79
	android:name
		ADDED from [com.evernote:android-job:1.1.3] AndroidManifest.xml:13:22-76
uses-permission#android.permission.RECEIVE_BOOT_COMPLETED
ADDED from [com.evernote:android-job:1.1.3] AndroidManifest.xml:14:5-81
	android:name
		ADDED from [com.evernote:android-job:1.1.3] AndroidManifest.xml:14:22-78
service#com.evernote.android.job.v21.PlatformJobService
ADDED from [com.evernote:android-job:1.1.3] AndroidManifest.xml:17:9-20:72
	android:exported
		ADDED from [com.evernote:android-job:1.1.3] AndroidManifest.xml:19:13-37
	android:permission
		ADDED from [com.evernote:android-job:1.1.3] AndroidManifest.xml:20:13-69
	android:name
		ADDED from [com.evernote:android-job:1.1.3] AndroidManifest.xml:18:13-75
service#com.evernote.android.job.v14.PlatformAlarmService
ADDED from [com.evernote:android-job:1.1.3] AndroidManifest.xml:21:9-23:40
	android:exported
		ADDED from [com.evernote:android-job:1.1.3] AndroidManifest.xml:23:13-37
	android:name
		ADDED from [com.evernote:android-job:1.1.3] AndroidManifest.xml:22:13-77
receiver#com.evernote.android.job.v14.PlatformAlarmReceiver
ADDED from [com.evernote:android-job:1.1.3] AndroidManifest.xml:25:9-34:20
	android:exported
		ADDED from [com.evernote:android-job:1.1.3] AndroidManifest.xml:27:13-37
	android:name
		ADDED from [com.evernote:android-job:1.1.3] AndroidManifest.xml:26:13-78
intent-filter#com.evernote.android.job.v14.RUN_JOB+net.vrallev.android.job.v14.RUN_JOB
ADDED from [com.evernote:android-job:1.1.3] AndroidManifest.xml:28:13-33:29
action#com.evernote.android.job.v14.RUN_JOB
ADDED from [com.evernote:android-job:1.1.3] AndroidManifest.xml:31:17-79
	android:name
		ADDED from [com.evernote:android-job:1.1.3] AndroidManifest.xml:31:25-76
action#net.vrallev.android.job.v14.RUN_JOB
ADDED from [com.evernote:android-job:1.1.3] AndroidManifest.xml:32:17-78
	android:name
		ADDED from [com.evernote:android-job:1.1.3] AndroidManifest.xml:32:25-75
receiver#com.evernote.android.job.JobBootReceiver
ADDED from [com.evernote:android-job:1.1.3] AndroidManifest.xml:35:9-41:20
	android:exported
		ADDED from [com.evernote:android-job:1.1.3] AndroidManifest.xml:37:13-37
	android:name
		ADDED from [com.evernote:android-job:1.1.3] AndroidManifest.xml:36:13-68
intent-filter#android.intent.action.BOOT_COMPLETED
ADDED from [com.evernote:android-job:1.1.3] AndroidManifest.xml:38:13-40:29
action#android.intent.action.BOOT_COMPLETED
ADDED from [com.evernote:android-job:1.1.3] AndroidManifest.xml:39:17-79
	android:name
		ADDED from [com.evernote:android-job:1.1.3] AndroidManifest.xml:39:25-76
service#com.evernote.android.job.gcm.PlatformGcmService
ADDED from [com.evernote:android-job:1.1.3] AndroidManifest.xml:43:9-51:19
	android:enabled
		ADDED from [com.evernote:android-job:1.1.3] AndroidManifest.xml:45:13-36
	android:exported
		ADDED from [com.evernote:android-job:1.1.3] AndroidManifest.xml:46:13-36
	android:permission
		ADDED from [com.evernote:android-job:1.1.3] AndroidManifest.xml:47:13-93
	android:name
		ADDED from [com.evernote:android-job:1.1.3] AndroidManifest.xml:44:13-75
intent-filter#com.google.android.gms.gcm.ACTION_TASK_READY
ADDED from [com.evernote:android-job:1.1.3] AndroidManifest.xml:48:13-50:29
action#com.google.android.gms.gcm.ACTION_TASK_READY
ADDED from [com.evernote:android-job:1.1.3] AndroidManifest.xml:49:17-87
	android:name
		ADDED from [com.evernote:android-job:1.1.3] AndroidManifest.xml:49:25-84